\BOOKMARK [0][-]{chapter*.2}{Abstract}{}% 1
\BOOKMARK [0][-]{chapter*.3}{Opsomming}{}% 2
\BOOKMARK [0][-]{chapter*.4}{Acknowledgements}{}% 3
\BOOKMARK [0][-]{chapter*.6}{Glossary}{}% 4
\BOOKMARK [0][-]{chapter*.7}{List of Reserved Symbols}{}% 5
\BOOKMARK [0][-]{chapter*.8}{List of Acronyms}{}% 6
\BOOKMARK [0][-]{chapter*.9}{List of Figures}{}% 7
\BOOKMARK [0][-]{chapter*.10}{List of Tables}{}% 8
\BOOKMARK [0][-]{chapter*.11}{List of Algorithms}{}% 9
\BOOKMARK [0][-]{chapter.1}{Introduction}{}% 10
\BOOKMARK [1][-]{section.1.1}{Background}{chapter.1}% 11
\BOOKMARK [1][-]{section.1.2}{Informal problem description}{chapter.1}% 12
\BOOKMARK [1][-]{section.1.3}{Research hypothesis}{chapter.1}% 13
\BOOKMARK [1][-]{section.1.4}{Scope and objectives}{chapter.1}% 14
\BOOKMARK [1][-]{section.1.5}{Research methodology}{chapter.1}% 15
\BOOKMARK [1][-]{section.1.6}{Project/thesis/dissertation organisation}{chapter.1}% 16
\BOOKMARK [0][-]{chapter.2}{Literature Study}{}% 17
\BOOKMARK [1][-]{section.2.1}{Anomaly Detection on Satellites}{chapter.2}% 18
\BOOKMARK [2][-]{subsection.2.1.1}{Analysis and Prediction of Satellite Anomalies}{section.2.1}% 19
\BOOKMARK [2][-]{subsection.2.1.2}{Agent-based algorithm for fault detection and recovery of gyroscope's drift in small satellite missions}{section.2.1}% 20
\BOOKMARK [2][-]{subsection.2.1.3}{Fault isolation of reaction wheels onboard three-axis controlled in-orbit satellite using ensemble machine learning}{section.2.1}% 21
\BOOKMARK [2][-]{subsection.2.1.4}{Fault tolerant control for satellites with four reaction wheels}{section.2.1}% 22
\BOOKMARK [2][-]{subsection.2.1.5}{Innovative Fault Detection, Isolation and Recovery Strategies On-Board Spacecraft: State of the Art and Research Challenges}{section.2.1}% 23
\BOOKMARK [2][-]{subsection.2.1.6}{Machine learning methods for spacecraft telemetry mining}{section.2.1}% 24
\BOOKMARK [2][-]{subsection.2.1.7}{Machine learning techniques for satellite fault diagnosis}{section.2.1}% 25
\BOOKMARK [1][-]{section.2.2}{Anomaly Detection on Satellites}{chapter.2}% 26
\BOOKMARK [2][-]{subsection.2.2.1}{Agent-based algorithm for fault detection and recovery of gyroscope's drift in small satellite missions}{section.2.2}% 27
\BOOKMARK [2][-]{subsection.2.2.2}{Fault isolation of reaction wheels onboard three-axis controlled in-orbit satellite using ensemble machine learning}{section.2.2}% 28
\BOOKMARK [2][-]{subsection.2.2.3}{Fault tolerant control for satellites with four reaction wheels}{section.2.2}% 29
\BOOKMARK [2][-]{subsection.2.2.4}{Innovative Fault Detection, Isolation and Recovery Strategies On-Board Spacecraft: State of the Art and Research Challenges}{section.2.2}% 30
\BOOKMARK [2][-]{subsection.2.2.5}{Machine learning methods for spacecraft telemetry mining}{section.2.2}% 31
\BOOKMARK [2][-]{subsection.2.2.6}{Machine learning techniques for satellite fault diagnosis}{section.2.2}% 32
\BOOKMARK [1][-]{section.2.3}{Statistical Methods}{chapter.2}% 33
\BOOKMARK [2][-]{subsection.2.3.1}{Pearson Correlation}{section.2.3}% 34
\BOOKMARK [2][-]{subsection.2.3.2}{Variance}{section.2.3}% 35
\BOOKMARK [2][-]{subsection.2.3.3}{Kalman-Filter}{section.2.3}% 36
\BOOKMARK [2][-]{subsection.2.3.4}{Multivariate Guassian Distribution}{section.2.3}% 37
